<?xml version="1.0" encoding="UTF-8"?>
<!-- Generated by org.testng.reporters.JUnitReportReporter -->
<testsuite hostname="DESKTOP-VF2J3Q2" failures="0" tests="1" name="observation.VerifyRoles" time="68.667" errors="0" timestamp="2023-11-03T23:53:57 IST" skipped="0">
  <testcase classname="observation.VerifyRoles" name="VerifyUserSelectsRoleHeadTeacherAndOfficial" time="68.667"/>
  <system-out/>
</testsuite> <!-- observation.VerifyRoles -->
