<?xml version="1.0" encoding="UTF-8"?>
<!-- Generated by org.testng.reporters.JUnitReportReporter -->
<testsuite hostname="DESKTOP-VF2J3Q2" failures="0" tests="3" name="contentCreation.CreateResourcesAndPublish" time="405.493" errors="0" timestamp="2023-11-03T23:53:57 IST" skipped="0">
  <testcase classname="contentCreation.CreateResourcesAndPublish" name="verifyTvLessonResource" time="114.015"/>
  <system-out/>
  <testcase classname="contentCreation.CreateResourcesAndPublish" name="verifyCreateEditQuestionSetInResources" time="150.679"/>
  <system-out/>
  <testcase classname="contentCreation.CreateResourcesAndPublish" name="verifyECMLResource" time="140.799"/>
  <system-out/>
</testsuite> <!-- contentCreation.CreateResourcesAndPublish -->
