<?xml version="1.0" encoding="UTF-8"?>
<!-- Generated by org.testng.reporters.JUnitReportReporter -->
<testsuite hostname="DESKTOP-VF2J3Q2" failures="0" tests="2" name="contentCreation.UploadAllContentsTypes" time="167.764" errors="0" timestamp="2023-11-04T00:18:58 IST" skipped="0">
  <testcase classname="contentCreation.UploadAllContentsTypes" name="uploadEpub" time="84.305"/>
  <system-out/>
  <testcase classname="contentCreation.UploadAllContentsTypes" name="uploadHtmlContent" time="83.459"/>
  <system-out/>
</testsuite> <!-- contentCreation.UploadAllContentsTypes -->
