<?xml version="1.0" encoding="UTF-8"?>
<!-- Generated by org.testng.reporters.JUnitReportReporter -->
<testsuite hostname="DESKTOP-VF2J3Q2" failures="0" tests="2" name="userOnBoarding.CustodianUser" time="138.320" errors="0" timestamp="2023-11-03T23:53:57 IST" skipped="0">
  <testcase classname="userOnBoarding.CustodianUser" name="VerifyUserSelectsHTAndOfficialRoleUserIsGettingObservationTab" time="67.867"/>
  <system-out/>
  <testcase classname="userOnBoarding.CustodianUser" name="VerifyCustodianUsersAreGettingSubmitDetailsOptionInHisProfile" time="70.453"/>
  <system-out/>
</testsuite> <!-- userOnBoarding.CustodianUser -->
