<?xml version="1.0" encoding="UTF-8"?>
<!-- Generated by org.testng.reporters.JUnitReportReporter -->
<testsuite hostname="DESKTOP-VF2J3Q2" failures="0" tests="2" name="Consumption.ConsumptionScenarios" time="324.835" errors="0" timestamp="2023-11-04T00:18:58 IST" skipped="0">
  <testcase classname="Consumption.ConsumptionScenarios" name="VerifyUserIsAbleToGetTheCompletionCertificate" time="182.326"/>
  <system-out/>
  <testcase classname="Consumption.ConsumptionScenarios" name="checkCourseExpiryMessageForUser" time="142.509"/>
  <system-out/>
</testsuite> <!-- Consumption.ConsumptionScenarios -->
