<?xml version="1.0" encoding="UTF-8"?>
<!-- Generated by org.testng.reporters.JUnitReportReporter -->
<testsuite hostname="DESKTOP-VF2J3Q2" failures="0" tests="1" name="contentCreation.ValidateGuestUserGettingLoginPopUp" time="153.350" errors="0" timestamp="2023-11-04T00:18:58 IST" skipped="0">
  <testcase classname="contentCreation.ValidateGuestUserGettingLoginPopUp" name="verifyGuestUserGettingLoginPopUpWhenClickedOnJoinCourseButtonForOpenBatch" time="153.350"/>
  <system-out/>
</testsuite> <!-- contentCreation.ValidateGuestUserGettingLoginPopUp -->
