<?xml version="1.0" encoding="UTF-8"?>
<!-- Generated by org.testng.reporters.JUnitReportReporter -->
<testsuite hostname="DESKTOP-VF2J3Q2" failures="0" tests="4" name="Groups.CreateTheGroups" time="282.079" errors="0" timestamp="2023-11-03T23:53:57 IST" skipped="0">
  <testcase classname="Groups.CreateTheGroups" name="VerifyCloseOptionDisplayedAfterOpenDiscussionForumOption" time="87.301"/>
  <system-out/>
  <testcase classname="Groups.CreateTheGroups" name="VerifyUserDisplayedWithEnableDiscussionsOption" time="58.572"/>
  <system-out/>
  <testcase classname="Groups.CreateTheGroups" name="VerifyUserDisplayedwithDisableDiscussionsOption" time="63.635"/>
  <system-out/>
  <testcase classname="Groups.CreateTheGroups" name="VerifyUserIsAbleToCreateNewGroups" time="72.571"/>
  <system-out/>
</testsuite> <!-- Groups.CreateTheGroups -->
