<?xml version="1.0" encoding="UTF-8"?>
<!-- Generated by org.testng.reporters.JUnitReportReporter -->
<testsuite hostname="DESKTOP-VF2J3Q2" failures="0" tests="1" name="contentCreation.VerifyUserIsAbleToAddQuestionsAndSave" time="65.396" errors="0" timestamp="2023-11-03T23:53:57 IST" skipped="0">
  <testcase classname="contentCreation.VerifyUserIsAbleToAddQuestionsAndSave" name="verifyUserIsAbleBundleQuestionsAndSave" time="65.396"/>
  <system-out/>
</testsuite> <!-- contentCreation.VerifyUserIsAbleToAddQuestionsAndSave -->
