<?xml version="1.0" encoding="UTF-8"?>
<!-- Generated by org.testng.reporters.JUnitReportReporter -->
<testsuite hostname="DESKTOP-VF2J3Q2" failures="0" tests="1" name="contentCreation.CreateCourseAndVerify" time="116.977" errors="0" timestamp="2023-11-03T23:53:57 IST" skipped="0">
  <testcase classname="contentCreation.CreateCourseAndVerify" name="VerifyCreatorCreateCourseUsingTextbookAndSendCourseForReview" time="116.977"/>
  <system-out/>
</testsuite> <!-- contentCreation.CreateCourseAndVerify -->
